  [1m[35m (1.0ms)[0m  [1m[34mSELECT sqlite_version(*)[0m
  [1m[35m (0.0ms)[0m  [1m[34mSELECT sqlite_version(*)[0m
Started GET "/welcome/index" for ::1 at 2019-12-10 11:43:24 +0800
  [1m[35m (1.1ms)[0m  [1m[34mSELECT sqlite_version(*)[0m
Processing by WelcomeController#index as HTML
  Rendering welcome/index.html.erb within layouts/application
  Rendered welcome/index.html.erb within layouts/application (Duration: 11.9ms | Allocations: 472)
[Webpacker] Compiling...
[Webpacker] Compiled all packs in /home/suwoon/my-app/public/packs
[Webpacker] Hash: 2d779c925dc8adae7253
Version: webpack 4.41.2
Time: 5373ms
Built at: 12/10/2019 11:43:32 AM
                                          Asset      Size            Chunks                         Chunk Names
         js/application-3f851eef86b9cc47ab95.js  1.47 MiB       application  [emitted] [immutable]  application
     js/application-3f851eef86b9cc47ab95.js.map  1.69 MiB       application  [emitted] [dev]        application
         js/hello_react-bd0bc572374b20528cf7.js  1.19 MiB       hello_react  [emitted] [immutable]  hello_react
     js/hello_react-bd0bc572374b20528cf7.js.map  1.37 MiB       hello_react  [emitted] [dev]        hello_react
    js/server_rendering-93bcda22c80bc8c74349.js  1.35 MiB  server_rendering  [emitted] [immutable]  server_rendering
js/server_rendering-93bcda22c80bc8c74349.js.map  1.56 MiB  server_rendering  [emitted] [dev]        server_rendering
                                  manifest.json  1.05 KiB                    [emitted]              
Entrypoint application = js/application-3f851eef86b9cc47ab95.js js/application-3f851eef86b9cc47ab95.js.map
Entrypoint hello_react = js/hello_react-bd0bc572374b20528cf7.js js/hello_react-bd0bc572374b20528cf7.js.map
Entrypoint server_rendering = js/server_rendering-93bcda22c80bc8c74349.js js/server_rendering-93bcda22c80bc8c74349.js.map
[./app/javascript/channels sync recursive _channel\.js$] ./app/javascript/channels sync _channel\.js$ 160 bytes {application} [built]
[./app/javascript/channels/index.js] 211 bytes {application} [built]
[./app/javascript/components sync recursive ^\.\/.*$] ./app/javascript/components sync ^\.\/.*$ 197 bytes {application} {server_rendering} [built]
[./app/javascript/packs/application.js] 968 bytes {application} [built]
[./app/javascript/packs/hello_react.jsx] 981 bytes {hello_react} [built]
[./app/javascript/packs/server_rendering.js] 301 bytes {server_rendering} [built]
[./node_modules/webpack/buildin/module.js] (webpack)/buildin/module.js 552 bytes {application} [built]
    + 31 hidden modules

Completed 200 OK in 9990ms (Views: 9982.3ms | ActiveRecord: 0.0ms | Allocations: 20227)


Started GET "/" for ::1 at 2019-12-11 11:21:22 +0800
  [1m[35m (14.1ms)[0m  [1m[34mSELECT sqlite_version(*)[0m
Processing by Rails::WelcomeController#index as HTML
  Rendering /var/lib/gems/2.5.0/gems/railties-6.0.1/lib/rails/templates/rails/welcome/index.html.erb
  Rendered /var/lib/gems/2.5.0/gems/railties-6.0.1/lib/rails/templates/rails/welcome/index.html.erb (Duration: 75.0ms | Allocations: 463)
Completed 200 OK in 172ms (Views: 123.4ms | ActiveRecord: 0.0ms | Allocations: 2749)


